<?xml version="1.0" encoding="UTF-8"?>
<!-- Generated by org.testng.reporters.JUnitXMLReporter -->
<testsuite ignored="0" hostname="DESKTOP-9PEPIGJ" failures="0" tests="4" name="Test" time="61.137" errors="0" timestamp="2022-06-24T14:01:41 IST">
  <testcase classname="testCase_Google.AmazonWithEnum" name="clickBestseller" time="7.68"/>
  <testcase classname="testCase_Google.AmazonWithEnum" name="verifySearchBox1" time="1.97"/>
  <testcase classname="testCase_Google.AmazonWithEnum" name="clickMobileButton" time="8.182"/>
  <testcase classname="testCase_Google.AmazonWithEnum" name="clickHelpButtonAtTheBottom" time="13.964"/>
</testsuite> <!-- Test -->
