<?xml version="1.0" encoding="UTF-8"?>
<testng-results ignored="0" total="4" passed="4" failed="0" skipped="0">
  <reporter-output>
  </reporter-output>
  <suite started-at="2022-06-24T14:00:39 IST" name="Suite" finished-at="2022-06-24T14:01:40 IST" duration-ms="61137">
    <groups>
    </groups>
    <test started-at="2022-06-24T14:00:39 IST" name="Test" finished-at="2022-06-24T14:01:40 IST" duration-ms="61137">
      <class name="testCase_Google.AmazonWithEnum">
        <test-method is-config="true" signature="launchApplication()[pri:0, instance:testCase_Google.AmazonWithEnum@4fb3ee4e]" started-at="2022-06-24T14:00:39 IST" name="launchApplication" finished-at="2022-06-24T14:01:30 IST" duration-ms="50502" status="PASS">
          <reporter-output>
          </reporter-output>
        </test-method> <!-- launchApplication -->
        <test-method is-config="true" signature="launchApplication()[pri:0, instance:testCase_Google.AmazonWithEnum@4fb3ee4e]" started-at="2022-06-24T14:00:39 IST" name="launchApplication" finished-at="2022-06-24T14:01:23 IST" duration-ms="43195" status="PASS">
          <reporter-output>
          </reporter-output>
        </test-method> <!-- launchApplication -->
        <test-method is-config="true" signature="launchApplication()[pri:0, instance:testCase_Google.AmazonWithEnum@4fb3ee4e]" started-at="2022-06-24T14:00:39 IST" name="launchApplication" finished-at="2022-06-24T14:01:25 IST" duration-ms="45470" status="PASS">
          <reporter-output>
          </reporter-output>
        </test-method> <!-- launchApplication -->
        <test-method is-config="true" signature="launchApplication()[pri:0, instance:testCase_Google.AmazonWithEnum@4fb3ee4e]" started-at="2022-06-24T14:00:39 IST" name="launchApplication" finished-at="2022-06-24T14:01:24 IST" duration-ms="44713" status="PASS">
          <reporter-output>
          </reporter-output>
        </test-method> <!-- launchApplication -->
        <test-method signature="clickHelpButtonAtTheBottom()[pri:0, instance:testCase_Google.AmazonWithEnum@4fb3ee4e]" started-at="2022-06-24T14:01:23 IST" name="clickHelpButtonAtTheBottom" finished-at="2022-06-24T14:01:37 IST" duration-ms="13964" status="PASS">
          <reporter-output>
          </reporter-output>
        </test-method> <!-- clickHelpButtonAtTheBottom -->
        <test-method signature="clickBestseller()[pri:0, instance:testCase_Google.AmazonWithEnum@4fb3ee4e]" started-at="2022-06-24T14:01:24 IST" name="clickBestseller" finished-at="2022-06-24T14:01:32 IST" duration-ms="7680" status="PASS">
          <reporter-output>
          </reporter-output>
        </test-method> <!-- clickBestseller -->
        <test-method signature="clickMobileButton()[pri:0, instance:testCase_Google.AmazonWithEnum@4fb3ee4e]" started-at="2022-06-24T14:01:25 IST" name="clickMobileButton" finished-at="2022-06-24T14:01:33 IST" duration-ms="8182" status="PASS">
          <reporter-output>
          </reporter-output>
        </test-method> <!-- clickMobileButton -->
        <test-method signature="verifySearchBox1()[pri:0, instance:testCase_Google.AmazonWithEnum@4fb3ee4e]" started-at="2022-06-24T14:01:30 IST" name="verifySearchBox1" finished-at="2022-06-24T14:01:32 IST" duration-ms="1970" status="PASS">
          <reporter-output>
          </reporter-output>
        </test-method> <!-- verifySearchBox1 -->
        <test-method is-config="true" signature="tearDown()[pri:0, instance:testCase_Google.AmazonWithEnum@4fb3ee4e]" started-at="2022-06-24T14:01:38 IST" name="tearDown" finished-at="2022-06-24T14:01:40 IST" duration-ms="2029" status="PASS">
          <reporter-output>
          </reporter-output>
        </test-method> <!-- tearDown -->
        <test-method is-config="true" signature="tearDown()[pri:0, instance:testCase_Google.AmazonWithEnum@4fb3ee4e]" started-at="2022-06-24T14:01:38 IST" name="tearDown" finished-at="2022-06-24T14:01:40 IST" duration-ms="1230" status="PASS">
          <reporter-output>
          </reporter-output>
        </test-method> <!-- tearDown -->
        <test-method is-config="true" signature="tearDown()[pri:0, instance:testCase_Google.AmazonWithEnum@4fb3ee4e]" started-at="2022-06-24T14:01:39 IST" name="tearDown" finished-at="2022-06-24T14:01:40 IST" duration-ms="1128" status="PASS">
          <reporter-output>
          </reporter-output>
        </test-method> <!-- tearDown -->
        <test-method is-config="true" signature="tearDown()[pri:0, instance:testCase_Google.AmazonWithEnum@4fb3ee4e]" started-at="2022-06-24T14:01:39 IST" name="tearDown" finished-at="2022-06-24T14:01:40 IST" duration-ms="444" status="PASS">
          <reporter-output>
          </reporter-output>
        </test-method> <!-- tearDown -->
      </class> <!-- testCase_Google.AmazonWithEnum -->
    </test> <!-- Test -->
  </suite> <!-- Suite -->
</testng-results>
